<?xml version="1.0" encoding="UTF-8"?>
<!-- Generated by org.testng.reporters.JUnitXMLReporter -->
<testsuite ignored="0" hostname="DESKTOP-SQGRGKQ" failures="0" tests="3" name="Default test" time="12.982" errors="0" timestamp="2020-06-24T22:51:41 EDT">
  <testcase classname="test_cases.taskCompleted5" name="startApp" time="4.019"/>
  <testcase classname="test_cases.taskCompleted5" name="loginApp" time="4.998"/>
  <testcase classname="test_cases.taskCompleted5" name="taskCompleted" time="0.339"/>
</testsuite> <!-- Default test -->
