<?xml version="1.0" encoding="UTF-8"?>
<testng-results ignored="0" total="3" passed="3" failed="0" skipped="0">
  <reporter-output>
  </reporter-output>
  <suite started-at="2020-06-24T22:51:28 EDT" name="Default suite" finished-at="2020-06-24T22:51:41 EDT" duration-ms="12982">
    <groups>
    </groups>
    <test started-at="2020-06-24T22:51:28 EDT" name="Default test" finished-at="2020-06-24T22:51:41 EDT" duration-ms="12982">
      <class name="test_cases.taskCompleted5">
        <test-method is-config="true" signature="startBrowser()[pri:0, instance:test_cases.taskCompleted5@3c0be339]" started-at="2020-06-24T22:51:28 EDT" name="startBrowser" finished-at="2020-06-24T22:51:31 EDT" duration-ms="3591" status="PASS">
          <reporter-output>
          </reporter-output>
        </test-method> <!-- startBrowser -->
        <test-method signature="startApp()[pri:1, instance:test_cases.taskCompleted5@3c0be339]" started-at="2020-06-24T22:51:31 EDT" name="startApp" finished-at="2020-06-24T22:51:35 EDT" duration-ms="4019" status="PASS">
          <reporter-output>
          </reporter-output>
        </test-method> <!-- startApp -->
        <test-method signature="loginApp()[pri:2, instance:test_cases.taskCompleted5@3c0be339]" started-at="2020-06-24T22:51:35 EDT" name="loginApp" finished-at="2020-06-24T22:51:40 EDT" duration-ms="4998" status="PASS">
          <reporter-output>
          </reporter-output>
        </test-method> <!-- loginApp -->
        <test-method signature="taskCompleted()[pri:0, instance:test_cases.taskCompleted5@3c0be339]" started-at="2020-06-24T22:51:40 EDT" name="taskCompleted" finished-at="2020-06-24T22:51:41 EDT" depends-on-methods="test_cases.taskCompleted5.loginApp" duration-ms="339" status="PASS">
          <reporter-output>
          </reporter-output>
        </test-method> <!-- taskCompleted -->
      </class> <!-- test_cases.taskCompleted5 -->
    </test> <!-- Default test -->
  </suite> <!-- Default suite -->
</testng-results>
